app/build/outputs/logs/manifest-merger-debug-report.txt
-- Merging decision tree log ---
manifest
ADDED from src/main/AndroidManifest.xml:2:1-51:12
	package
		ADDED from src/main/AndroidManifest.xml:3:5-38
		INJECTED from src/main/AndroidManifest.xml
		INJECTED from src/main/AndroidManifest.xml
	android:versionName
		ADDED from src/main/AndroidManifest.xml:5:5-30
		INJECTED from src/main/AndroidManifest.xml
		INJECTED from src/main/AndroidManifest.xml
	android:versionCode
		ADDED from src/main/AndroidManifest.xml:4:5-28
		INJECTED from src/main/AndroidManifest.xml
		INJECTED from src/main/AndroidManifest.xml
	xmlns:android
		ADDED from src/main/AndroidManifest.xml:2:11-69
uses-sdk
ADDED from src/main/AndroidManifest.xml:7:5-9:41
MERGED from [com.android.support:support-v4:22.2.0] AndroidManifest.xml:20:5-43
MERGED from [com.google.android.gms:play-services-appindexing:8.1.0] AndroidManifest.xml:18:5-42
MERGED from [com.google.android.gms:play-services-basement:8.1.0] AndroidManifest.xml:18:5-42
MERGED from [com.android.support:support-v4:22.2.0] AndroidManifest.xml:20:5-43
	android:targetSdkVersion
		ADDED from src/main/AndroidManifest.xml:9:9-38
		INJECTED from src/main/AndroidManifest.xml
		INJECTED from src/main/AndroidManifest.xml
	android:minSdkVersion
		ADDED from src/main/AndroidManifest.xml:8:9-35
		INJECTED from src/main/AndroidManifest.xml
		INJECTED from src/main/AndroidManifest.xml
application
ADDED from src/main/AndroidManifest.xml:11:5-33:19
MERGED from [com.android.support:support-v4:22.2.0] AndroidManifest.xml:22:5-20
MERGED from [com.google.android.gms:play-services-appindexing:8.1.0] AndroidManifest.xml:19:5-20
MERGED from [com.google.android.gms:play-services-basement:8.1.0] AndroidManifest.xml:20:5-24:19
MERGED from [com.android.support:support-v4:22.2.0] AndroidManifest.xml:22:5-20
	android:label
		ADDED from src/main/AndroidManifest.xml:14:9-41
	android:allowBackup
		ADDED from src/main/AndroidManifest.xml:12:9-35
	android:icon
		ADDED from src/main/AndroidManifest.xml:13:9-45
	android:theme
		ADDED from src/main/AndroidManifest.xml:15:9-40
activity#com.flamingo.filterdemo.activity.WelcomeActivity
ADDED from src/main/AndroidManifest.xml:16:9-24:20
	android:label
		ADDED from src/main/AndroidManifest.xml:18:13-45
	android:name
		ADDED from src/main/AndroidManifest.xml:17:13-76
intent-filter#android.intent.action.MAIN+android.intent.category.LAUNCHER
ADDED from src/main/AndroidManifest.xml:19:13-23:29
action#android.intent.action.MAIN
ADDED from src/main/AndroidManifest.xml:20:17-69
	android:name
		ADDED from src/main/AndroidManifest.xml:20:25-66
category#android.intent.category.LAUNCHER
ADDED from src/main/AndroidManifest.xml:22:17-77
	android:name
		ADDED from src/main/AndroidManifest.xml:22:27-74
activity#com.flamingo.filterdemo.activity.HomeActivity
ADDED from src/main/AndroidManifest.xml:26:9-89
	android:launchMode
		ADDED from src/main/AndroidManifest.xml:26:57-87
	android:name
		ADDED from src/main/AndroidManifest.xml:26:19-56
activity#com.flamingo.filterdemo.activity.HeiActivity
ADDED from src/main/AndroidManifest.xml:27:9-88
	android:launchMode
		ADDED from src/main/AndroidManifest.xml:27:56-86
	android:name
		ADDED from src/main/AndroidManifest.xml:27:19-55
meta-data#com.google.android.gms.version
ADDED from src/main/AndroidManifest.xml:29:9-31:69
MERGED from [com.google.android.gms:play-services-basement:8.1.0] AndroidManifest.xml:21:9-23:69
	android:value
		ADDED from src/main/AndroidManifest.xml:31:13-66
	android:name
		ADDED from src/main/AndroidManifest.xml:30:13-58
uses-permission#android.permission.READ_CONTACTS
ADDED from src/main/AndroidManifest.xml:37:5-72
	android:name
		ADDED from src/main/AndroidManifest.xml:37:22-69
uses-permission#android.permission.WRITE_CONTACTS
ADDED from src/main/AndroidManifest.xml:39:5-73
	android:name
		ADDED from src/main/AndroidManifest.xml:39:22-70
uses-permission#android.permission.CALL_PHONE
ADDED from src/main/AndroidManifest.xml:41:5-69
	android:name
		ADDED from src/main/AndroidManifest.xml:41:22-66
uses-permission#android.permission.READ_SMS
ADDED from src/main/AndroidManifest.xml:43:5-67
	android:name
		ADDED from src/main/AndroidManifest.xml:43:22-64
uses-permission#android.permission.READ_CALL_LOG
ADDED from src/main/AndroidManifest.xml:45:5-72
	android:name
		ADDED from src/main/AndroidManifest.xml:45:22-69
uses-permission#android.permission.INTERNET
ADDED from src/main/AndroidManifest.xml:47:5-67
	android:name
		ADDED from src/main/AndroidManifest.xml:47:22-64
uses-permission#android.permission.WRITE_EXTERNAL_STORAGE
ADDED from src/main/AndroidManifest.xml:49:5-80
	android:name
		ADDED from src/main/AndroidManifest.xml:49:22-78